<?xml version="1.0" encoding="UTF-8"?>
<coverage generated="1741094205209" clover="3.2.0">
  <project timestamp="1741094205209" name="All files">
    <metrics statements="9" coveredstatements="9" conditionals="2" coveredconditionals="2" methods="8" coveredmethods="8" elements="19" coveredelements="19" complexity="0" loc="9" ncloc="9" packages="1" files="1" classes="1"/>
    <file name="math.js" path="/Users/fanyunfei/github/js-test-demo/math.js">
      <metrics statements="9" coveredstatements="9" conditionals="2" coveredconditionals="2" methods="8" coveredmethods="8"/>
      <line num="3" count="1" type="stmt"/>
      <line num="7" count="1" type="stmt"/>
      <line num="11" count="2" type="stmt"/>
      <line num="15" count="2" type="cond" truecount="2" falsecount="0"/>
      <line num="16" count="1" type="stmt"/>
      <line num="20" count="1" type="stmt"/>
      <line num="24" count="1" type="stmt"/>
      <line num="25" count="1" type="stmt"/>
      <line num="29" count="1" type="stmt"/>
    </file>
  </project>
</coverage>
