TN:
SF:calculator.js
FN:2,add
FN:6,subtract
FN:10,multiply
FN:19,divide
FNF:4
FNH:4
FNDA:3,add
FNDA:2,subtract
FNDA:2,multiply
FNDA:2,divide
DA:3,3
DA:7,2
DA:11,2
DA:20,2
DA:21,1
DA:23,1
DA:26,1
LF:7
LH:7
BRDA:20,0,0,1
BRDA:20,0,1,1
BRF:2
BRH:2
end_of_record
TN:
SF:math.js
FN:3,add
FN:7,subtract
FN:12,multiply
FN:16,divide
FN:21,power
FN:25,fetchData
FN:26,(anonymous_6)
FN:27,(anonymous_7)
FNF:8
FNH:8
FNDA:1,add
FNDA:1,subtract
FNDA:2,multiply
FNDA:2,divide
FNDA:1,power
FNDA:1,fetchData
FNDA:1,(anonymous_6)
FNDA:1,(anonymous_7)
DA:4,1
DA:8,1
DA:13,2
DA:17,2
DA:18,1
DA:22,1
DA:26,1
DA:27,1
DA:31,1
LF:9
LH:9
BRDA:17,0,0,1
BRDA:17,0,1,1
BRF:2
BRH:2
end_of_record
