TN:
SF:calculator.js
FN:2,add
FN:6,subtract
FN:10,multiply
FN:14,divide
FNF:4
FNH:4
FNDA:3,add
FNDA:2,subtract
FNDA:2,multiply
FNDA:2,divide
DA:3,3
DA:7,2
DA:11,2
DA:15,2
DA:16,1
DA:18,1
DA:21,1
LF:7
LH:7
BRDA:15,0,0,1
BRDA:15,0,1,1
BRF:2
BRH:2
end_of_record
TN:
SF:math.js
FN:2,add
FN:6,subtract
FN:10,multiply
FN:14,divide
FN:19,power
FN:23,fetchData
FN:24,(anonymous_6)
FN:25,(anonymous_7)
FNF:8
FNH:5
FNDA:1,add
FNDA:1,subtract
FNDA:2,multiply
FNDA:2,divide
FNDA:1,power
FNDA:0,fetchData
FNDA:0,(anonymous_6)
FNDA:0,(anonymous_7)
DA:3,1
DA:7,1
DA:11,2
DA:15,2
DA:16,1
DA:20,1
DA:24,0
DA:25,0
DA:29,1
LF:9
LH:7
BRDA:15,0,0,1
BRDA:15,0,1,1
BRF:2
BRH:2
end_of_record
